<?xml version="1.0" encoding="utf-8"?><testsuites name="pytest tests"><testsuite name="pytest" errors="0" failures="0" skipped="0" tests="15" time="4.938" timestamp="2026-03-02T18:48:17.079706+00:00" hostname="agent-env-be20a0bd-f548-4aee-a39a-9dff5062fc48"><testcase classname="tests.test_icios_api.TestHealthCheck" name="test_health_endpoint" time="0.173" /><testcase classname="tests.test_icios_api.TestAuthentication" name="test_login_with_valid_credentials" time="0.362" /><testcase classname="tests.test_icios_api.TestAuthentication" name="test_login_with_invalid_credentials" time="0.123" /><testcase classname="tests.test_icios_api.TestAuthentication" name="test_get_current_user" time="0.471" /><testcase classname="tests.test_icios_api.TestDashboardStats" name="test_dashboard_stats" time="0.151" /><testcase classname="tests.test_icios_api.TestBoothHealth" name="test_booth_health_list" time="0.191" /><testcase classname="tests.test_icios_api.TestBoothHealth" name="test_booth_health_with_filter" time="0.262" /><testcase classname="tests.test_icios_api.TestInfluencers" name="test_top_influencers" time="0.116" /><testcase classname="tests.test_icios_api.TestCivicWorks" name="test_get_civic_works" time="0.458" /><testcase classname="tests.test_icios_api.TestCivicWorks" name="test_create_civic_work" time="0.607" /><testcase classname="tests.test_icios_api.TestCivicWorks" name="test_get_civic_work_detail" time="0.595" /><testcase classname="tests.test_icios_api.TestSentimentAndSegments" name="test_sentiment_trends" time="0.112" /><testcase classname="tests.test_icios_api.TestSentimentAndSegments" name="test_segment_summary" time="0.323" /><testcase classname="tests.test_icios_api.TestNotifications" name="test_notifications_summary" time="0.488" /><testcase classname="tests.test_icios_api.TestNotifications" name="test_recent_notifications" time="0.451" /></testsuite></testsuites>